pattern Dir O6_M1oM0_W170W170_S00170S00170

pattern Dir O6_M1oM0_W170W170_S00340S00340

pattern Dir O6_M1oM0_W170W170_S00425S00425

pattern Dir O6_M1oM0_W170W170_S00510S00510

pattern Dir O6_M1oM0_W170W170_S00595S00595

pattern Dir O6_M1oM0_W170W170_S00680S00680

pattern Dir O6_M1oM0_W170W170_S00765S00765

pattern Dir O6_M1oM0_W170W170_S00850S00850

pattern Dir O6_M1oM0_W170W170_S01020S01020

pattern Dir O6_M1oM0_W170W170_S01360S01360

pattern Dir O6_M1oM0_W170W170_S01700S01700

pattern Dir O6_M1oM0_W170W170_S02040S02040

pattern Dir O6_M2oM0_W140W140_S00140S00140

pattern Dir O6_M2oM0_W140W140_S00280S00280

pattern Dir O6_M2oM0_W140W140_S00350S00350

pattern Dir O6_M2oM0_W140W140_S00420S00420

pattern Dir O6_M2oM0_W140W140_S00490S00490

pattern Dir O6_M2oM0_W140W140_S00560S00560

pattern Dir O6_M2oM0_W140W140_S00630S00630

pattern Dir O6_M2oM0_W140W140_S00700S00700

pattern Dir O6_M2oM0_W140W140_S00840S00840

pattern Dir O6_M2oM0_W140W140_S01120S01120

pattern Dir O6_M2oM0_W140W140_S01400S01400

pattern Dir O6_M2oM0_W140W140_S01680S01680

pattern Dir O6_M2oM1_W140W140_S00140S00140

pattern Dir O6_M2oM1_W140W140_S00280S00280

pattern Dir O6_M2oM1_W140W140_S00350S00350

pattern Dir O6_M2oM1_W140W140_S00420S00420

pattern Dir O6_M2oM1_W140W140_S00490S00490

pattern Dir O6_M2oM1_W140W140_S00560S00560

pattern Dir O6_M2oM1_W140W140_S00630S00630

pattern Dir O6_M2oM1_W140W140_S00700S00700

pattern Dir O6_M2oM1_W140W140_S00840S00840

pattern Dir O6_M2oM1_W140W140_S01120S01120

pattern Dir O6_M2oM1_W140W140_S01400S01400

pattern Dir O6_M2oM1_W140W140_S01680S01680

pattern Dir O6_M3oM0_W140W140_S00140S00140

pattern Dir O6_M3oM0_W140W140_S00280S00280

pattern Dir O6_M3oM0_W140W140_S00350S00350

pattern Dir O6_M3oM0_W140W140_S00420S00420

pattern Dir O6_M3oM0_W140W140_S00490S00490

pattern Dir O6_M3oM0_W140W140_S00560S00560

pattern Dir O6_M3oM0_W140W140_S00630S00630

pattern Dir O6_M3oM0_W140W140_S00700S00700

pattern Dir O6_M3oM0_W140W140_S00840S00840

pattern Dir O6_M3oM0_W140W140_S01120S01120

pattern Dir O6_M3oM0_W140W140_S01400S01400

pattern Dir O6_M3oM0_W140W140_S01680S01680

pattern Dir O6_M3oM1_W140W140_S00140S00140

pattern Dir O6_M3oM1_W140W140_S00280S00280

pattern Dir O6_M3oM1_W140W140_S00350S00350

pattern Dir O6_M3oM1_W140W140_S00420S00420

pattern Dir O6_M3oM1_W140W140_S00490S00490

pattern Dir O6_M3oM1_W140W140_S00560S00560

pattern Dir O6_M3oM1_W140W140_S00630S00630

pattern Dir O6_M3oM1_W140W140_S00700S00700

pattern Dir O6_M3oM1_W140W140_S00840S00840

pattern Dir O6_M3oM1_W140W140_S01120S01120

pattern Dir O6_M3oM1_W140W140_S01400S01400

pattern Dir O6_M3oM1_W140W140_S01680S01680

pattern Dir O6_M3oM2_W140W140_S00140S00140

pattern Dir O6_M3oM2_W140W140_S00280S00280

pattern Dir O6_M3oM2_W140W140_S00350S00350

pattern Dir O6_M3oM2_W140W140_S00420S00420

pattern Dir O6_M3oM2_W140W140_S00490S00490

pattern Dir O6_M3oM2_W140W140_S00560S00560

pattern Dir O6_M3oM2_W140W140_S00630S00630

pattern Dir O6_M3oM2_W140W140_S00700S00700

pattern Dir O6_M3oM2_W140W140_S00840S00840

pattern Dir O6_M3oM2_W140W140_S01120S01120

pattern Dir O6_M3oM2_W140W140_S01400S01400

pattern Dir O6_M3oM2_W140W140_S01680S01680

pattern Dir O6_M4oM0_W300W300_S00300S00300

pattern Dir O6_M4oM0_W300W300_S00600S00600

pattern Dir O6_M4oM0_W300W300_S00750S00750

pattern Dir O6_M4oM0_W300W300_S00900S00900

pattern Dir O6_M4oM0_W300W300_S01050S01050

pattern Dir O6_M4oM0_W300W300_S01200S01200

pattern Dir O6_M4oM0_W300W300_S01350S01350

pattern Dir O6_M4oM0_W300W300_S01500S01500

pattern Dir O6_M4oM0_W300W300_S01800S01800

pattern Dir O6_M4oM0_W300W300_S02400S02400

pattern Dir O6_M4oM0_W300W300_S03000S03000

pattern Dir O6_M4oM0_W300W300_S03600S03600

pattern Dir O6_M4oM1_W300W300_S00300S00300

pattern Dir O6_M4oM1_W300W300_S00600S00600

pattern Dir O6_M4oM1_W300W300_S00750S00750

pattern Dir O6_M4oM1_W300W300_S00900S00900

pattern Dir O6_M4oM1_W300W300_S01050S01050

pattern Dir O6_M4oM1_W300W300_S01200S01200

pattern Dir O6_M4oM1_W300W300_S01350S01350

pattern Dir O6_M4oM1_W300W300_S01500S01500

pattern Dir O6_M4oM1_W300W300_S01800S01800

pattern Dir O6_M4oM1_W300W300_S02400S02400

pattern Dir O6_M4oM1_W300W300_S03000S03000

pattern Dir O6_M4oM1_W300W300_S03600S03600

pattern Dir O6_M4oM2_W300W300_S00300S00300

pattern Dir O6_M4oM2_W300W300_S00600S00600

pattern Dir O6_M4oM2_W300W300_S00750S00750

pattern Dir O6_M4oM2_W300W300_S00900S00900

pattern Dir O6_M4oM2_W300W300_S01050S01050

pattern Dir O6_M4oM2_W300W300_S01200S01200

pattern Dir O6_M4oM2_W300W300_S01350S01350

pattern Dir O6_M4oM2_W300W300_S01500S01500

pattern Dir O6_M4oM2_W300W300_S01800S01800

pattern Dir O6_M4oM2_W300W300_S02400S02400

pattern Dir O6_M4oM2_W300W300_S03000S03000

pattern Dir O6_M4oM2_W300W300_S03600S03600

pattern Dir O6_M4oM3_W300W300_S00300S00300

pattern Dir O6_M4oM3_W300W300_S00600S00600

pattern Dir O6_M4oM3_W300W300_S00750S00750

pattern Dir O6_M4oM3_W300W300_S00900S00900

pattern Dir O6_M4oM3_W300W300_S01050S01050

pattern Dir O6_M4oM3_W300W300_S01200S01200

pattern Dir O6_M4oM3_W300W300_S01350S01350

pattern Dir O6_M4oM3_W300W300_S01500S01500

pattern Dir O6_M4oM3_W300W300_S01800S01800

pattern Dir O6_M4oM3_W300W300_S02400S02400

pattern Dir O6_M4oM3_W300W300_S03000S03000

pattern Dir O6_M4oM3_W300W300_S03600S03600

pattern Dir O6_M5oM0_W300W300_S00300S00300

pattern Dir O6_M5oM0_W300W300_S00600S00600

pattern Dir O6_M5oM0_W300W300_S00750S00750

pattern Dir O6_M5oM0_W300W300_S00900S00900

pattern Dir O6_M5oM0_W300W300_S01050S01050

pattern Dir O6_M5oM0_W300W300_S01200S01200

pattern Dir O6_M5oM0_W300W300_S01350S01350

pattern Dir O6_M5oM0_W300W300_S01500S01500

pattern Dir O6_M5oM0_W300W300_S01800S01800

pattern Dir O6_M5oM0_W300W300_S02400S02400

pattern Dir O6_M5oM0_W300W300_S03000S03000

pattern Dir O6_M5oM0_W300W300_S03600S03600

pattern Dir O6_M5oM1_W300W300_S00300S00300

pattern Dir O6_M5oM1_W300W300_S00600S00600

pattern Dir O6_M5oM1_W300W300_S00750S00750

pattern Dir O6_M5oM1_W300W300_S00900S00900

pattern Dir O6_M5oM1_W300W300_S01050S01050

pattern Dir O6_M5oM1_W300W300_S01200S01200

pattern Dir O6_M5oM1_W300W300_S01350S01350

pattern Dir O6_M5oM1_W300W300_S01500S01500

pattern Dir O6_M5oM1_W300W300_S01800S01800

pattern Dir O6_M5oM1_W300W300_S02400S02400

pattern Dir O6_M5oM1_W300W300_S03000S03000

pattern Dir O6_M5oM1_W300W300_S03600S03600

pattern Dir O6_M5oM2_W300W300_S00300S00300

pattern Dir O6_M5oM2_W300W300_S00600S00600

pattern Dir O6_M5oM2_W300W300_S00750S00750

pattern Dir O6_M5oM2_W300W300_S00900S00900

pattern Dir O6_M5oM2_W300W300_S01050S01050

pattern Dir O6_M5oM2_W300W300_S01200S01200

pattern Dir O6_M5oM2_W300W300_S01350S01350

pattern Dir O6_M5oM2_W300W300_S01500S01500

pattern Dir O6_M5oM2_W300W300_S01800S01800

pattern Dir O6_M5oM2_W300W300_S02400S02400

pattern Dir O6_M5oM2_W300W300_S03000S03000

pattern Dir O6_M5oM2_W300W300_S03600S03600

pattern Dir O6_M5oM3_W300W300_S00300S00300

pattern Dir O6_M5oM3_W300W300_S00600S00600

pattern Dir O6_M5oM3_W300W300_S00750S00750

pattern Dir O6_M5oM3_W300W300_S00900S00900

pattern Dir O6_M5oM3_W300W300_S01050S01050

pattern Dir O6_M5oM3_W300W300_S01200S01200

pattern Dir O6_M5oM3_W300W300_S01350S01350

pattern Dir O6_M5oM3_W300W300_S01500S01500

pattern Dir O6_M5oM3_W300W300_S01800S01800

pattern Dir O6_M5oM3_W300W300_S02400S02400

pattern Dir O6_M5oM3_W300W300_S03000S03000

pattern Dir O6_M5oM3_W300W300_S03600S03600

pattern Dir O6_M5oM4_W300W300_S00300S00300

pattern Dir O6_M5oM4_W300W300_S00600S00600

pattern Dir O6_M5oM4_W300W300_S00750S00750

pattern Dir O6_M5oM4_W300W300_S00900S00900

pattern Dir O6_M5oM4_W300W300_S01050S01050

pattern Dir O6_M5oM4_W300W300_S01200S01200

pattern Dir O6_M5oM4_W300W300_S01350S01350

pattern Dir O6_M5oM4_W300W300_S01500S01500

pattern Dir O6_M5oM4_W300W300_S01800S01800

pattern Dir O6_M5oM4_W300W300_S02400S02400

pattern Dir O6_M5oM4_W300W300_S03000S03000

pattern Dir O6_M5oM4_W300W300_S03600S03600

pattern Dir O6_M6oM0_W1600W1600_S01600S01600

pattern Dir O6_M6oM0_W1600W1600_S03200S03200

pattern Dir O6_M6oM0_W1600W1600_S04000S04000

pattern Dir O6_M6oM0_W1600W1600_S04800S04800

pattern Dir O6_M6oM0_W1600W1600_S05600S05600

pattern Dir O6_M6oM0_W1600W1600_S06400S06400

pattern Dir O6_M6oM0_W1600W1600_S07200S07200

pattern Dir O6_M6oM0_W1600W1600_S08000S08000

pattern Dir O6_M6oM0_W1600W1600_S09600S09600

pattern Dir O6_M6oM0_W1600W1600_S12800S12800

pattern Dir O6_M6oM0_W1600W1600_S16000S16000

pattern Dir O6_M6oM0_W1600W1600_S19200S19200

pattern Dir O6_M6oM1_W1600W1600_S01600S01600

pattern Dir O6_M6oM1_W1600W1600_S03200S03200

pattern Dir O6_M6oM1_W1600W1600_S04000S04000

pattern Dir O6_M6oM1_W1600W1600_S04800S04800

pattern Dir O6_M6oM1_W1600W1600_S05600S05600

pattern Dir O6_M6oM1_W1600W1600_S06400S06400

pattern Dir O6_M6oM1_W1600W1600_S07200S07200

pattern Dir O6_M6oM1_W1600W1600_S08000S08000

pattern Dir O6_M6oM1_W1600W1600_S09600S09600

pattern Dir O6_M6oM1_W1600W1600_S12800S12800

pattern Dir O6_M6oM1_W1600W1600_S16000S16000

pattern Dir O6_M6oM1_W1600W1600_S19200S19200

pattern Dir O6_M6oM2_W1600W1600_S01600S01600

pattern Dir O6_M6oM2_W1600W1600_S03200S03200

pattern Dir O6_M6oM2_W1600W1600_S04000S04000

pattern Dir O6_M6oM2_W1600W1600_S04800S04800

pattern Dir O6_M6oM2_W1600W1600_S05600S05600

pattern Dir O6_M6oM2_W1600W1600_S06400S06400

pattern Dir O6_M6oM2_W1600W1600_S07200S07200

pattern Dir O6_M6oM2_W1600W1600_S08000S08000

pattern Dir O6_M6oM2_W1600W1600_S09600S09600

pattern Dir O6_M6oM2_W1600W1600_S12800S12800

pattern Dir O6_M6oM2_W1600W1600_S16000S16000

pattern Dir O6_M6oM2_W1600W1600_S19200S19200

pattern Dir O6_M6oM3_W1600W1600_S01600S01600

pattern Dir O6_M6oM3_W1600W1600_S03200S03200

pattern Dir O6_M6oM3_W1600W1600_S04000S04000

pattern Dir O6_M6oM3_W1600W1600_S04800S04800

pattern Dir O6_M6oM3_W1600W1600_S05600S05600

pattern Dir O6_M6oM3_W1600W1600_S06400S06400

pattern Dir O6_M6oM3_W1600W1600_S07200S07200

pattern Dir O6_M6oM3_W1600W1600_S08000S08000

pattern Dir O6_M6oM3_W1600W1600_S09600S09600

pattern Dir O6_M6oM3_W1600W1600_S12800S12800

pattern Dir O6_M6oM3_W1600W1600_S16000S16000

pattern Dir O6_M6oM3_W1600W1600_S19200S19200

pattern Dir O6_M6oM4_W1600W1600_S01600S01600

pattern Dir O6_M6oM4_W1600W1600_S03200S03200

pattern Dir O6_M6oM4_W1600W1600_S04000S04000

pattern Dir O6_M6oM4_W1600W1600_S04800S04800

pattern Dir O6_M6oM4_W1600W1600_S05600S05600

pattern Dir O6_M6oM4_W1600W1600_S06400S06400

pattern Dir O6_M6oM4_W1600W1600_S07200S07200

pattern Dir O6_M6oM4_W1600W1600_S08000S08000

pattern Dir O6_M6oM4_W1600W1600_S09600S09600

pattern Dir O6_M6oM4_W1600W1600_S12800S12800

pattern Dir O6_M6oM4_W1600W1600_S16000S16000

pattern Dir O6_M6oM4_W1600W1600_S19200S19200

pattern Dir O6_M6oM5_W1600W1600_S01600S01600

pattern Dir O6_M6oM5_W1600W1600_S03200S03200

pattern Dir O6_M6oM5_W1600W1600_S04000S04000

pattern Dir O6_M6oM5_W1600W1600_S04800S04800

pattern Dir O6_M6oM5_W1600W1600_S05600S05600

pattern Dir O6_M6oM5_W1600W1600_S06400S06400

pattern Dir O6_M6oM5_W1600W1600_S07200S07200

pattern Dir O6_M6oM5_W1600W1600_S08000S08000

pattern Dir O6_M6oM5_W1600W1600_S09600S09600

pattern Dir O6_M6oM5_W1600W1600_S12800S12800

pattern Dir O6_M6oM5_W1600W1600_S16000S16000

pattern Dir O6_M6oM5_W1600W1600_S19200S19200

pattern Dir R6_M1oM0_W170W170_S00000S00000

pattern Dir R6_M1oM0_W170W170_S00000S00290

pattern Dir R6_M1oM0_W170W170_S00000S00460

pattern Dir R6_M1oM0_W170W170_S00000S00665

pattern Dir R6_M1oM0_W170W170_S00000S00750

pattern Dir R6_M1oM0_W170W170_S00000S00920

pattern Dir R6_M1oM0_W170W170_S00000S01125

pattern Dir R6_M1oM0_W170W170_S00000S01210

pattern Dir R6_M1oM0_W170W170_S00000S01380

pattern Dir R6_M1oM0_W170W170_S00000S01840

pattern Dir R6_M1oM0_W170W170_S00290S00290

pattern Dir R6_M1oM0_W170W170_S00290S00460

pattern Dir R6_M1oM0_W170W170_S00290S00665

pattern Dir R6_M1oM0_W170W170_S00290S00750

pattern Dir R6_M1oM0_W170W170_S00290S00920

pattern Dir R6_M1oM0_W170W170_S00290S01125

pattern Dir R6_M1oM0_W170W170_S00290S01210

pattern Dir R6_M1oM0_W170W170_S00290S01380

pattern Dir R6_M1oM0_W170W170_S00290S01840

pattern Dir R6_M1oM0_W170W170_S00460S00460

pattern Dir R6_M1oM0_W170W170_S00460S00665

pattern Dir R6_M1oM0_W170W170_S00460S00750

pattern Dir R6_M1oM0_W170W170_S00460S00920

pattern Dir R6_M1oM0_W170W170_S00460S01125

pattern Dir R6_M1oM0_W170W170_S00460S01210

pattern Dir R6_M1oM0_W170W170_S00460S01380

pattern Dir R6_M1oM0_W170W170_S00460S01840

pattern Dir R6_M1oM0_W170W170_S00665S00665

pattern Dir R6_M1oM0_W170W170_S00665S00750

pattern Dir R6_M1oM0_W170W170_S00665S00920

pattern Dir R6_M1oM0_W170W170_S00665S01125

pattern Dir R6_M1oM0_W170W170_S00665S01210

pattern Dir R6_M1oM0_W170W170_S00665S01380

pattern Dir R6_M1oM0_W170W170_S00665S01840

pattern Dir R6_M1oM0_W170W170_S00750S00750

pattern Dir R6_M1oM0_W170W170_S00750S00920

pattern Dir R6_M1oM0_W170W170_S00750S01125

pattern Dir R6_M1oM0_W170W170_S00750S01210

pattern Dir R6_M1oM0_W170W170_S00750S01380

pattern Dir R6_M1oM0_W170W170_S00750S01840

pattern Dir R6_M1oM0_W170W170_S00920S00920

pattern Dir R6_M1oM0_W170W170_S00920S01125

pattern Dir R6_M1oM0_W170W170_S00920S01210

pattern Dir R6_M1oM0_W170W170_S00920S01380

pattern Dir R6_M1oM0_W170W170_S00920S01840

pattern Dir R6_M1oM0_W170W170_S01125S01125

pattern Dir R6_M1oM0_W170W170_S01125S01210

pattern Dir R6_M1oM0_W170W170_S01125S01380

pattern Dir R6_M1oM0_W170W170_S01125S01840

pattern Dir R6_M1oM0_W170W170_S01210S01210

pattern Dir R6_M1oM0_W170W170_S01210S01380

pattern Dir R6_M1oM0_W170W170_S01210S01840

pattern Dir R6_M1oM0_W170W170_S01380S01380

pattern Dir R6_M1oM0_W170W170_S01380S01840

pattern Dir R6_M1oM0_W170W170_S01840S01840

pattern Dir R6_M2oM0_W140W140_S00000S00000

pattern Dir R6_M2oM0_W140W140_S00000S00200

pattern Dir R6_M2oM0_W140W140_S00000S00340

pattern Dir R6_M2oM0_W140W140_S00000S00470

pattern Dir R6_M2oM0_W140W140_S00000S00540

pattern Dir R6_M2oM0_W140W140_S00000S00680

pattern Dir R6_M2oM0_W140W140_S00000S00810

pattern Dir R6_M2oM0_W140W140_S00000S00880

pattern Dir R6_M2oM0_W140W140_S00000S01020

pattern Dir R6_M2oM0_W140W140_S00000S01360

pattern Dir R6_M2oM0_W140W140_S00200S00200

pattern Dir R6_M2oM0_W140W140_S00200S00340

pattern Dir R6_M2oM0_W140W140_S00200S00470

pattern Dir R6_M2oM0_W140W140_S00200S00540

pattern Dir R6_M2oM0_W140W140_S00200S00680

pattern Dir R6_M2oM0_W140W140_S00200S00810

pattern Dir R6_M2oM0_W140W140_S00200S00880

pattern Dir R6_M2oM0_W140W140_S00200S01020

pattern Dir R6_M2oM0_W140W140_S00200S01360

pattern Dir R6_M2oM0_W140W140_S00340S00340

pattern Dir R6_M2oM0_W140W140_S00340S00470

pattern Dir R6_M2oM0_W140W140_S00340S00540

pattern Dir R6_M2oM0_W140W140_S00340S00680

pattern Dir R6_M2oM0_W140W140_S00340S00810

pattern Dir R6_M2oM0_W140W140_S00340S00880

pattern Dir R6_M2oM0_W140W140_S00340S01020

pattern Dir R6_M2oM0_W140W140_S00340S01360

pattern Dir R6_M2oM0_W140W140_S00470S00470

pattern Dir R6_M2oM0_W140W140_S00470S00540

pattern Dir R6_M2oM0_W140W140_S00470S00680

pattern Dir R6_M2oM0_W140W140_S00470S00810

pattern Dir R6_M2oM0_W140W140_S00470S00880

pattern Dir R6_M2oM0_W140W140_S00470S01020

pattern Dir R6_M2oM0_W140W140_S00470S01360

pattern Dir R6_M2oM0_W140W140_S00540S00540

pattern Dir R6_M2oM0_W140W140_S00540S00680

pattern Dir R6_M2oM0_W140W140_S00540S00810

pattern Dir R6_M2oM0_W140W140_S00540S00880

pattern Dir R6_M2oM0_W140W140_S00540S01020

pattern Dir R6_M2oM0_W140W140_S00540S01360

pattern Dir R6_M2oM0_W140W140_S00680S00680

pattern Dir R6_M2oM0_W140W140_S00680S00810

pattern Dir R6_M2oM0_W140W140_S00680S00880

pattern Dir R6_M2oM0_W140W140_S00680S01020

pattern Dir R6_M2oM0_W140W140_S00680S01360

pattern Dir R6_M2oM0_W140W140_S00810S00810

pattern Dir R6_M2oM0_W140W140_S00810S00880

pattern Dir R6_M2oM0_W140W140_S00810S01020

pattern Dir R6_M2oM0_W140W140_S00810S01360

pattern Dir R6_M2oM0_W140W140_S00880S00880

pattern Dir R6_M2oM0_W140W140_S00880S01020

pattern Dir R6_M2oM0_W140W140_S00880S01360

pattern Dir R6_M2oM0_W140W140_S01020S01020

pattern Dir R6_M2oM0_W140W140_S01020S01360

pattern Dir R6_M2oM0_W140W140_S01360S01360

pattern Dir R6_M3oM0_W140W140_S00000S00000

pattern Dir R6_M3oM0_W140W140_S00000S00320

pattern Dir R6_M3oM0_W140W140_S00000S00460

pattern Dir R6_M3oM0_W140W140_S00000S00710

pattern Dir R6_M3oM0_W140W140_S00000S00780

pattern Dir R6_M3oM0_W140W140_S00000S00920

pattern Dir R6_M3oM0_W140W140_S00000S01170

pattern Dir R6_M3oM0_W140W140_S00000S01240

pattern Dir R6_M3oM0_W140W140_S00000S01380

pattern Dir R6_M3oM0_W140W140_S00000S01840

pattern Dir R6_M3oM0_W140W140_S00320S00320

pattern Dir R6_M3oM0_W140W140_S00320S00460

pattern Dir R6_M3oM0_W140W140_S00320S00710

pattern Dir R6_M3oM0_W140W140_S00320S00780

pattern Dir R6_M3oM0_W140W140_S00320S00920

pattern Dir R6_M3oM0_W140W140_S00320S01170

pattern Dir R6_M3oM0_W140W140_S00320S01240

pattern Dir R6_M3oM0_W140W140_S00320S01380

pattern Dir R6_M3oM0_W140W140_S00320S01840

pattern Dir R6_M3oM0_W140W140_S00460S00460

pattern Dir R6_M3oM0_W140W140_S00460S00710

pattern Dir R6_M3oM0_W140W140_S00460S00780

pattern Dir R6_M3oM0_W140W140_S00460S00920

pattern Dir R6_M3oM0_W140W140_S00460S01170

pattern Dir R6_M3oM0_W140W140_S00460S01240

pattern Dir R6_M3oM0_W140W140_S00460S01380

pattern Dir R6_M3oM0_W140W140_S00460S01840

pattern Dir R6_M3oM0_W140W140_S00710S00710

pattern Dir R6_M3oM0_W140W140_S00710S00780

pattern Dir R6_M3oM0_W140W140_S00710S00920

pattern Dir R6_M3oM0_W140W140_S00710S01170

pattern Dir R6_M3oM0_W140W140_S00710S01240

pattern Dir R6_M3oM0_W140W140_S00710S01380

pattern Dir R6_M3oM0_W140W140_S00710S01840

pattern Dir R6_M3oM0_W140W140_S00780S00780

pattern Dir R6_M3oM0_W140W140_S00780S00920

pattern Dir R6_M3oM0_W140W140_S00780S01170

pattern Dir R6_M3oM0_W140W140_S00780S01240

pattern Dir R6_M3oM0_W140W140_S00780S01380

pattern Dir R6_M3oM0_W140W140_S00780S01840

pattern Dir R6_M3oM0_W140W140_S00920S00920

pattern Dir R6_M3oM0_W140W140_S00920S01170

pattern Dir R6_M3oM0_W140W140_S00920S01240

pattern Dir R6_M3oM0_W140W140_S00920S01380

pattern Dir R6_M3oM0_W140W140_S00920S01840

pattern Dir R6_M3oM0_W140W140_S01170S01170

pattern Dir R6_M3oM0_W140W140_S01170S01240

pattern Dir R6_M3oM0_W140W140_S01170S01380

pattern Dir R6_M3oM0_W140W140_S01170S01840

pattern Dir R6_M3oM0_W140W140_S01240S01240

pattern Dir R6_M3oM0_W140W140_S01240S01380

pattern Dir R6_M3oM0_W140W140_S01240S01840

pattern Dir R6_M3oM0_W140W140_S01380S01380

pattern Dir R6_M3oM0_W140W140_S01380S01840

pattern Dir R6_M3oM0_W140W140_S01840S01840

pattern Dir R6_M4oM0_W300W300_S00000S00000

pattern Dir R6_M4oM0_W300W300_S00000S00380

pattern Dir R6_M4oM0_W300W300_S00000S00680

pattern Dir R6_M4oM0_W300W300_S00000S00910

pattern Dir R6_M4oM0_W300W300_S00000S01060

pattern Dir R6_M4oM0_W300W300_S00000S01360

pattern Dir R6_M4oM0_W300W300_S00000S01590

pattern Dir R6_M4oM0_W300W300_S00000S01740

pattern Dir R6_M4oM0_W300W300_S00000S02040

pattern Dir R6_M4oM0_W300W300_S00000S02720

pattern Dir R6_M4oM0_W300W300_S00380S00380

pattern Dir R6_M4oM0_W300W300_S00380S00680

pattern Dir R6_M4oM0_W300W300_S00380S00910

pattern Dir R6_M4oM0_W300W300_S00380S01060

pattern Dir R6_M4oM0_W300W300_S00380S01360

pattern Dir R6_M4oM0_W300W300_S00380S01590

pattern Dir R6_M4oM0_W300W300_S00380S01740

pattern Dir R6_M4oM0_W300W300_S00380S02040

pattern Dir R6_M4oM0_W300W300_S00380S02720

pattern Dir R6_M4oM0_W300W300_S00680S00680

pattern Dir R6_M4oM0_W300W300_S00680S00910

pattern Dir R6_M4oM0_W300W300_S00680S01060

pattern Dir R6_M4oM0_W300W300_S00680S01360

pattern Dir R6_M4oM0_W300W300_S00680S01590

pattern Dir R6_M4oM0_W300W300_S00680S01740

pattern Dir R6_M4oM0_W300W300_S00680S02040

pattern Dir R6_M4oM0_W300W300_S00680S02720

pattern Dir R6_M4oM0_W300W300_S00910S00910

pattern Dir R6_M4oM0_W300W300_S00910S01060

pattern Dir R6_M4oM0_W300W300_S00910S01360

pattern Dir R6_M4oM0_W300W300_S00910S01590

pattern Dir R6_M4oM0_W300W300_S00910S01740

pattern Dir R6_M4oM0_W300W300_S00910S02040

pattern Dir R6_M4oM0_W300W300_S00910S02720

pattern Dir R6_M4oM0_W300W300_S01060S01060

pattern Dir R6_M4oM0_W300W300_S01060S01360

pattern Dir R6_M4oM0_W300W300_S01060S01590

pattern Dir R6_M4oM0_W300W300_S01060S01740

pattern Dir R6_M4oM0_W300W300_S01060S02040

pattern Dir R6_M4oM0_W300W300_S01060S02720

pattern Dir R6_M4oM0_W300W300_S01360S01360

pattern Dir R6_M4oM0_W300W300_S01360S01590

pattern Dir R6_M4oM0_W300W300_S01360S01740

pattern Dir R6_M4oM0_W300W300_S01360S02040

pattern Dir R6_M4oM0_W300W300_S01360S02720

pattern Dir R6_M4oM0_W300W300_S01590S01590

pattern Dir R6_M4oM0_W300W300_S01590S01740

pattern Dir R6_M4oM0_W300W300_S01590S02040

pattern Dir R6_M4oM0_W300W300_S01590S02720

pattern Dir R6_M4oM0_W300W300_S01740S01740

pattern Dir R6_M4oM0_W300W300_S01740S02040

pattern Dir R6_M4oM0_W300W300_S01740S02720

pattern Dir R6_M4oM0_W300W300_S02040S02040

pattern Dir R6_M4oM0_W300W300_S02040S02720

pattern Dir R6_M4oM0_W300W300_S02720S02720

pattern Dir R6_M5oM0_W300W300_S00000S00000

pattern Dir R6_M5oM0_W300W300_S00000S00620

pattern Dir R6_M5oM0_W300W300_S00000S00920

pattern Dir R6_M5oM0_W300W300_S00000S01390

pattern Dir R6_M5oM0_W300W300_S00000S01540

pattern Dir R6_M5oM0_W300W300_S00000S01840

pattern Dir R6_M5oM0_W300W300_S00000S02310

pattern Dir R6_M5oM0_W300W300_S00000S02460

pattern Dir R6_M5oM0_W300W300_S00000S02760

pattern Dir R6_M5oM0_W300W300_S00000S03680

pattern Dir R6_M5oM0_W300W300_S00620S00620

pattern Dir R6_M5oM0_W300W300_S00620S00920

pattern Dir R6_M5oM0_W300W300_S00620S01390

pattern Dir R6_M5oM0_W300W300_S00620S01540

pattern Dir R6_M5oM0_W300W300_S00620S01840

pattern Dir R6_M5oM0_W300W300_S00620S02310

pattern Dir R6_M5oM0_W300W300_S00620S02460

pattern Dir R6_M5oM0_W300W300_S00620S02760

pattern Dir R6_M5oM0_W300W300_S00620S03680

pattern Dir R6_M5oM0_W300W300_S00920S00920

pattern Dir R6_M5oM0_W300W300_S00920S01390

pattern Dir R6_M5oM0_W300W300_S00920S01540

pattern Dir R6_M5oM0_W300W300_S00920S01840

pattern Dir R6_M5oM0_W300W300_S00920S02310

pattern Dir R6_M5oM0_W300W300_S00920S02460

pattern Dir R6_M5oM0_W300W300_S00920S02760

pattern Dir R6_M5oM0_W300W300_S00920S03680

pattern Dir R6_M5oM0_W300W300_S01390S01390

pattern Dir R6_M5oM0_W300W300_S01390S01540

pattern Dir R6_M5oM0_W300W300_S01390S01840

pattern Dir R6_M5oM0_W300W300_S01390S02310

pattern Dir R6_M5oM0_W300W300_S01390S02460

pattern Dir R6_M5oM0_W300W300_S01390S02760

pattern Dir R6_M5oM0_W300W300_S01390S03680

pattern Dir R6_M5oM0_W300W300_S01540S01540

pattern Dir R6_M5oM0_W300W300_S01540S01840

pattern Dir R6_M5oM0_W300W300_S01540S02310

pattern Dir R6_M5oM0_W300W300_S01540S02460

pattern Dir R6_M5oM0_W300W300_S01540S02760

pattern Dir R6_M5oM0_W300W300_S01540S03680

pattern Dir R6_M5oM0_W300W300_S01840S01840

pattern Dir R6_M5oM0_W300W300_S01840S02310

pattern Dir R6_M5oM0_W300W300_S01840S02460

pattern Dir R6_M5oM0_W300W300_S01840S02760

pattern Dir R6_M5oM0_W300W300_S01840S03680

pattern Dir R6_M5oM0_W300W300_S02310S02310

pattern Dir R6_M5oM0_W300W300_S02310S02460

pattern Dir R6_M5oM0_W300W300_S02310S02760

pattern Dir R6_M5oM0_W300W300_S02310S03680

pattern Dir R6_M5oM0_W300W300_S02460S02460

pattern Dir R6_M5oM0_W300W300_S02460S02760

pattern Dir R6_M5oM0_W300W300_S02460S03680

pattern Dir R6_M5oM0_W300W300_S02760S02760

pattern Dir R6_M5oM0_W300W300_S02760S03680

pattern Dir R6_M5oM0_W300W300_S03680S03680

pattern Dir R6_M6oM0_W1600W1600_S00000S00000

pattern Dir R6_M6oM0_W1600W1600_S00000S01800

pattern Dir R6_M6oM0_W1600W1600_S00000S03400

pattern Dir R6_M6oM0_W1600W1600_S00000S04400

pattern Dir R6_M6oM0_W1600W1600_S00000S05200

pattern Dir R6_M6oM0_W1600W1600_S00000S06800

pattern Dir R6_M6oM0_W1600W1600_S00000S07800

pattern Dir R6_M6oM0_W1600W1600_S00000S08600

pattern Dir R6_M6oM0_W1600W1600_S00000S10200

pattern Dir R6_M6oM0_W1600W1600_S00000S13600

pattern Dir R6_M6oM0_W1600W1600_S01800S01800

pattern Dir R6_M6oM0_W1600W1600_S01800S03400

pattern Dir R6_M6oM0_W1600W1600_S01800S04400

pattern Dir R6_M6oM0_W1600W1600_S01800S05200

pattern Dir R6_M6oM0_W1600W1600_S01800S06800

pattern Dir R6_M6oM0_W1600W1600_S01800S07800

pattern Dir R6_M6oM0_W1600W1600_S01800S08600

pattern Dir R6_M6oM0_W1600W1600_S01800S10200

pattern Dir R6_M6oM0_W1600W1600_S01800S13600

pattern Dir R6_M6oM0_W1600W1600_S03400S03400

pattern Dir R6_M6oM0_W1600W1600_S03400S04400

pattern Dir R6_M6oM0_W1600W1600_S03400S05200

pattern Dir R6_M6oM0_W1600W1600_S03400S06800

pattern Dir R6_M6oM0_W1600W1600_S03400S07800

pattern Dir R6_M6oM0_W1600W1600_S03400S08600

pattern Dir R6_M6oM0_W1600W1600_S03400S10200

pattern Dir R6_M6oM0_W1600W1600_S03400S13600

pattern Dir R6_M6oM0_W1600W1600_S04400S04400

pattern Dir R6_M6oM0_W1600W1600_S04400S05200

pattern Dir R6_M6oM0_W1600W1600_S04400S06800

pattern Dir R6_M6oM0_W1600W1600_S04400S07800

pattern Dir R6_M6oM0_W1600W1600_S04400S08600

pattern Dir R6_M6oM0_W1600W1600_S04400S10200

pattern Dir R6_M6oM0_W1600W1600_S04400S13600

pattern Dir R6_M6oM0_W1600W1600_S05200S05200

pattern Dir R6_M6oM0_W1600W1600_S05200S06800

pattern Dir R6_M6oM0_W1600W1600_S05200S07800

pattern Dir R6_M6oM0_W1600W1600_S05200S08600

pattern Dir R6_M6oM0_W1600W1600_S05200S10200

pattern Dir R6_M6oM0_W1600W1600_S05200S13600

pattern Dir R6_M6oM0_W1600W1600_S06800S06800

pattern Dir R6_M6oM0_W1600W1600_S06800S07800

pattern Dir R6_M6oM0_W1600W1600_S06800S08600

pattern Dir R6_M6oM0_W1600W1600_S06800S10200

pattern Dir R6_M6oM0_W1600W1600_S06800S13600

pattern Dir R6_M6oM0_W1600W1600_S07800S07800

pattern Dir R6_M6oM0_W1600W1600_S07800S08600

pattern Dir R6_M6oM0_W1600W1600_S07800S10200

pattern Dir R6_M6oM0_W1600W1600_S07800S13600

pattern Dir R6_M6oM0_W1600W1600_S08600S08600

pattern Dir R6_M6oM0_W1600W1600_S08600S10200

pattern Dir R6_M6oM0_W1600W1600_S08600S13600

pattern Dir R6_M6oM0_W1600W1600_S10200S10200

pattern Dir R6_M6oM0_W1600W1600_S10200S13600

pattern Dir R6_M6oM0_W1600W1600_S13600S13600

pattern Dir OU6_M2oM1uM3_W140W140_S00140S00140

pattern Dir OU6_M2oM1uM3_W140W140_S00280S00280

pattern Dir OU6_M2oM1uM3_W140W140_S00350S00350

pattern Dir OU6_M2oM1uM3_W140W140_S00420S00420

pattern Dir OU6_M2oM1uM3_W140W140_S00490S00490

pattern Dir OU6_M2oM1uM3_W140W140_S00560S00560

pattern Dir OU6_M2oM1uM3_W140W140_S00630S00630

pattern Dir OU6_M2oM1uM3_W140W140_S00700S00700

pattern Dir OU6_M2oM1uM3_W140W140_S00840S00840

pattern Dir OU6_M2oM1uM3_W140W140_S01120S01120

pattern Dir OU6_M2oM1uM3_W140W140_S01400S01400

pattern Dir OU6_M2oM1uM3_W140W140_S01680S01680

pattern Dir OU6_M2oM1uM4_W140W140_S00140S00140

pattern Dir OU6_M2oM1uM4_W140W140_S00280S00280

pattern Dir OU6_M2oM1uM4_W140W140_S00350S00350

pattern Dir OU6_M2oM1uM4_W140W140_S00420S00420

pattern Dir OU6_M2oM1uM4_W140W140_S00490S00490

pattern Dir OU6_M2oM1uM4_W140W140_S00560S00560

pattern Dir OU6_M2oM1uM4_W140W140_S00630S00630

pattern Dir OU6_M2oM1uM4_W140W140_S00700S00700

pattern Dir OU6_M2oM1uM4_W140W140_S00840S00840

pattern Dir OU6_M2oM1uM4_W140W140_S01120S01120

pattern Dir OU6_M2oM1uM4_W140W140_S01400S01400

pattern Dir OU6_M2oM1uM4_W140W140_S01680S01680

pattern Dir OU6_M2oM1uM5_W140W140_S00140S00140

pattern Dir OU6_M2oM1uM5_W140W140_S00280S00280

pattern Dir OU6_M2oM1uM5_W140W140_S00350S00350

pattern Dir OU6_M2oM1uM5_W140W140_S00420S00420

pattern Dir OU6_M2oM1uM5_W140W140_S00490S00490

pattern Dir OU6_M2oM1uM5_W140W140_S00560S00560

pattern Dir OU6_M2oM1uM5_W140W140_S00630S00630

pattern Dir OU6_M2oM1uM5_W140W140_S00700S00700

pattern Dir OU6_M2oM1uM5_W140W140_S00840S00840

pattern Dir OU6_M2oM1uM5_W140W140_S01120S01120

pattern Dir OU6_M2oM1uM5_W140W140_S01400S01400

pattern Dir OU6_M2oM1uM5_W140W140_S01680S01680

pattern Dir OU6_M2oM1uM6_W140W140_S00140S00140

pattern Dir OU6_M2oM1uM6_W140W140_S00280S00280

pattern Dir OU6_M2oM1uM6_W140W140_S00350S00350

pattern Dir OU6_M2oM1uM6_W140W140_S00420S00420

pattern Dir OU6_M2oM1uM6_W140W140_S00490S00490

pattern Dir OU6_M2oM1uM6_W140W140_S00560S00560

pattern Dir OU6_M2oM1uM6_W140W140_S00630S00630

pattern Dir OU6_M2oM1uM6_W140W140_S00700S00700

pattern Dir OU6_M2oM1uM6_W140W140_S00840S00840

pattern Dir OU6_M2oM1uM6_W140W140_S01120S01120

pattern Dir OU6_M2oM1uM6_W140W140_S01400S01400

pattern Dir OU6_M2oM1uM6_W140W140_S01680S01680

pattern Dir OU6_M3oM1uM4_W140W140_S00140S00140

pattern Dir OU6_M3oM1uM4_W140W140_S00280S00280

pattern Dir OU6_M3oM1uM4_W140W140_S00350S00350

pattern Dir OU6_M3oM1uM4_W140W140_S00420S00420

pattern Dir OU6_M3oM1uM4_W140W140_S00490S00490

pattern Dir OU6_M3oM1uM4_W140W140_S00560S00560

pattern Dir OU6_M3oM1uM4_W140W140_S00630S00630

pattern Dir OU6_M3oM1uM4_W140W140_S00700S00700

pattern Dir OU6_M3oM1uM4_W140W140_S00840S00840

pattern Dir OU6_M3oM1uM4_W140W140_S01120S01120

pattern Dir OU6_M3oM1uM4_W140W140_S01400S01400

pattern Dir OU6_M3oM1uM4_W140W140_S01680S01680

pattern Dir OU6_M3oM1uM5_W140W140_S00140S00140

pattern Dir OU6_M3oM1uM5_W140W140_S00280S00280

pattern Dir OU6_M3oM1uM5_W140W140_S00350S00350

pattern Dir OU6_M3oM1uM5_W140W140_S00420S00420

pattern Dir OU6_M3oM1uM5_W140W140_S00490S00490

pattern Dir OU6_M3oM1uM5_W140W140_S00560S00560

pattern Dir OU6_M3oM1uM5_W140W140_S00630S00630

pattern Dir OU6_M3oM1uM5_W140W140_S00700S00700

pattern Dir OU6_M3oM1uM5_W140W140_S00840S00840

pattern Dir OU6_M3oM1uM5_W140W140_S01120S01120

pattern Dir OU6_M3oM1uM5_W140W140_S01400S01400

pattern Dir OU6_M3oM1uM5_W140W140_S01680S01680

pattern Dir OU6_M3oM1uM6_W140W140_S00140S00140

pattern Dir OU6_M3oM1uM6_W140W140_S00280S00280

pattern Dir OU6_M3oM1uM6_W140W140_S00350S00350

pattern Dir OU6_M3oM1uM6_W140W140_S00420S00420

pattern Dir OU6_M3oM1uM6_W140W140_S00490S00490

pattern Dir OU6_M3oM1uM6_W140W140_S00560S00560

pattern Dir OU6_M3oM1uM6_W140W140_S00630S00630

pattern Dir OU6_M3oM1uM6_W140W140_S00700S00700

pattern Dir OU6_M3oM1uM6_W140W140_S00840S00840

pattern Dir OU6_M3oM1uM6_W140W140_S01120S01120

pattern Dir OU6_M3oM1uM6_W140W140_S01400S01400

pattern Dir OU6_M3oM1uM6_W140W140_S01680S01680

pattern Dir OU6_M3oM2uM4_W140W140_S00140S00140

pattern Dir OU6_M3oM2uM4_W140W140_S00280S00280

pattern Dir OU6_M3oM2uM4_W140W140_S00350S00350

pattern Dir OU6_M3oM2uM4_W140W140_S00420S00420

pattern Dir OU6_M3oM2uM4_W140W140_S00490S00490

pattern Dir OU6_M3oM2uM4_W140W140_S00560S00560

pattern Dir OU6_M3oM2uM4_W140W140_S00630S00630

pattern Dir OU6_M3oM2uM4_W140W140_S00700S00700

pattern Dir OU6_M3oM2uM4_W140W140_S00840S00840

pattern Dir OU6_M3oM2uM4_W140W140_S01120S01120

pattern Dir OU6_M3oM2uM4_W140W140_S01400S01400

pattern Dir OU6_M3oM2uM4_W140W140_S01680S01680

pattern Dir OU6_M3oM2uM5_W140W140_S00140S00140

pattern Dir OU6_M3oM2uM5_W140W140_S00280S00280

pattern Dir OU6_M3oM2uM5_W140W140_S00350S00350

pattern Dir OU6_M3oM2uM5_W140W140_S00420S00420

pattern Dir OU6_M3oM2uM5_W140W140_S00490S00490

pattern Dir OU6_M3oM2uM5_W140W140_S00560S00560

pattern Dir OU6_M3oM2uM5_W140W140_S00630S00630

pattern Dir OU6_M3oM2uM5_W140W140_S00700S00700

pattern Dir OU6_M3oM2uM5_W140W140_S00840S00840

pattern Dir OU6_M3oM2uM5_W140W140_S01120S01120

pattern Dir OU6_M3oM2uM5_W140W140_S01400S01400

pattern Dir OU6_M3oM2uM5_W140W140_S01680S01680

pattern Dir OU6_M3oM2uM6_W140W140_S00140S00140

pattern Dir OU6_M3oM2uM6_W140W140_S00280S00280

pattern Dir OU6_M3oM2uM6_W140W140_S00350S00350

pattern Dir OU6_M3oM2uM6_W140W140_S00420S00420

pattern Dir OU6_M3oM2uM6_W140W140_S00490S00490

pattern Dir OU6_M3oM2uM6_W140W140_S00560S00560

pattern Dir OU6_M3oM2uM6_W140W140_S00630S00630

pattern Dir OU6_M3oM2uM6_W140W140_S00700S00700

pattern Dir OU6_M3oM2uM6_W140W140_S00840S00840

pattern Dir OU6_M3oM2uM6_W140W140_S01120S01120

pattern Dir OU6_M3oM2uM6_W140W140_S01400S01400

pattern Dir OU6_M3oM2uM6_W140W140_S01680S01680

pattern Dir OU6_M4oM1uM5_W300W300_S00300S00300

pattern Dir OU6_M4oM1uM5_W300W300_S00600S00600

pattern Dir OU6_M4oM1uM5_W300W300_S00750S00750

pattern Dir OU6_M4oM1uM5_W300W300_S00900S00900

pattern Dir OU6_M4oM1uM5_W300W300_S01050S01050

pattern Dir OU6_M4oM1uM5_W300W300_S01200S01200

pattern Dir OU6_M4oM1uM5_W300W300_S01350S01350

pattern Dir OU6_M4oM1uM5_W300W300_S01500S01500

pattern Dir OU6_M4oM1uM5_W300W300_S01800S01800

pattern Dir OU6_M4oM1uM5_W300W300_S02400S02400

pattern Dir OU6_M4oM1uM5_W300W300_S03000S03000

pattern Dir OU6_M4oM1uM5_W300W300_S03600S03600

pattern Dir OU6_M4oM1uM6_W300W300_S00300S00300

pattern Dir OU6_M4oM1uM6_W300W300_S00600S00600

pattern Dir OU6_M4oM1uM6_W300W300_S00750S00750

pattern Dir OU6_M4oM1uM6_W300W300_S00900S00900

pattern Dir OU6_M4oM1uM6_W300W300_S01050S01050

pattern Dir OU6_M4oM1uM6_W300W300_S01200S01200

pattern Dir OU6_M4oM1uM6_W300W300_S01350S01350

pattern Dir OU6_M4oM1uM6_W300W300_S01500S01500

pattern Dir OU6_M4oM1uM6_W300W300_S01800S01800

pattern Dir OU6_M4oM1uM6_W300W300_S02400S02400

pattern Dir OU6_M4oM1uM6_W300W300_S03000S03000

pattern Dir OU6_M4oM1uM6_W300W300_S03600S03600

pattern Dir OU6_M4oM2uM5_W300W300_S00300S00300

pattern Dir OU6_M4oM2uM5_W300W300_S00600S00600

pattern Dir OU6_M4oM2uM5_W300W300_S00750S00750

pattern Dir OU6_M4oM2uM5_W300W300_S00900S00900

pattern Dir OU6_M4oM2uM5_W300W300_S01050S01050

pattern Dir OU6_M4oM2uM5_W300W300_S01200S01200

pattern Dir OU6_M4oM2uM5_W300W300_S01350S01350

pattern Dir OU6_M4oM2uM5_W300W300_S01500S01500

pattern Dir OU6_M4oM2uM5_W300W300_S01800S01800

pattern Dir OU6_M4oM2uM5_W300W300_S02400S02400

pattern Dir OU6_M4oM2uM5_W300W300_S03000S03000

pattern Dir OU6_M4oM2uM5_W300W300_S03600S03600

pattern Dir OU6_M4oM2uM6_W300W300_S00300S00300

pattern Dir OU6_M4oM2uM6_W300W300_S00600S00600

pattern Dir OU6_M4oM2uM6_W300W300_S00750S00750

pattern Dir OU6_M4oM2uM6_W300W300_S00900S00900

pattern Dir OU6_M4oM2uM6_W300W300_S01050S01050

pattern Dir OU6_M4oM2uM6_W300W300_S01200S01200

pattern Dir OU6_M4oM2uM6_W300W300_S01350S01350

pattern Dir OU6_M4oM2uM6_W300W300_S01500S01500

pattern Dir OU6_M4oM2uM6_W300W300_S01800S01800

pattern Dir OU6_M4oM2uM6_W300W300_S02400S02400

pattern Dir OU6_M4oM2uM6_W300W300_S03000S03000

pattern Dir OU6_M4oM2uM6_W300W300_S03600S03600

pattern Dir OU6_M4oM3uM5_W300W300_S00300S00300

pattern Dir OU6_M4oM3uM5_W300W300_S00600S00600

pattern Dir OU6_M4oM3uM5_W300W300_S00750S00750

pattern Dir OU6_M4oM3uM5_W300W300_S00900S00900

pattern Dir OU6_M4oM3uM5_W300W300_S01050S01050

pattern Dir OU6_M4oM3uM5_W300W300_S01200S01200

pattern Dir OU6_M4oM3uM5_W300W300_S01350S01350

pattern Dir OU6_M4oM3uM5_W300W300_S01500S01500

pattern Dir OU6_M4oM3uM5_W300W300_S01800S01800

pattern Dir OU6_M4oM3uM5_W300W300_S02400S02400

pattern Dir OU6_M4oM3uM5_W300W300_S03000S03000

pattern Dir OU6_M4oM3uM5_W300W300_S03600S03600

pattern Dir OU6_M4oM3uM6_W300W300_S00300S00300

pattern Dir OU6_M4oM3uM6_W300W300_S00600S00600

pattern Dir OU6_M4oM3uM6_W300W300_S00750S00750

pattern Dir OU6_M4oM3uM6_W300W300_S00900S00900

pattern Dir OU6_M4oM3uM6_W300W300_S01050S01050

pattern Dir OU6_M4oM3uM6_W300W300_S01200S01200

pattern Dir OU6_M4oM3uM6_W300W300_S01350S01350

pattern Dir OU6_M4oM3uM6_W300W300_S01500S01500

pattern Dir OU6_M4oM3uM6_W300W300_S01800S01800

pattern Dir OU6_M4oM3uM6_W300W300_S02400S02400

pattern Dir OU6_M4oM3uM6_W300W300_S03000S03000

pattern Dir OU6_M4oM3uM6_W300W300_S03600S03600

pattern Dir OU6_M5oM1uM6_W300W300_S00300S00300

pattern Dir OU6_M5oM1uM6_W300W300_S00600S00600

pattern Dir OU6_M5oM1uM6_W300W300_S00750S00750

pattern Dir OU6_M5oM1uM6_W300W300_S00900S00900

pattern Dir OU6_M5oM1uM6_W300W300_S01050S01050

pattern Dir OU6_M5oM1uM6_W300W300_S01200S01200

pattern Dir OU6_M5oM1uM6_W300W300_S01350S01350

pattern Dir OU6_M5oM1uM6_W300W300_S01500S01500

pattern Dir OU6_M5oM1uM6_W300W300_S01800S01800

pattern Dir OU6_M5oM1uM6_W300W300_S02400S02400

pattern Dir OU6_M5oM1uM6_W300W300_S03000S03000

pattern Dir OU6_M5oM1uM6_W300W300_S03600S03600

pattern Dir OU6_M5oM2uM6_W300W300_S00300S00300

pattern Dir OU6_M5oM2uM6_W300W300_S00600S00600

pattern Dir OU6_M5oM2uM6_W300W300_S00750S00750

pattern Dir OU6_M5oM2uM6_W300W300_S00900S00900

pattern Dir OU6_M5oM2uM6_W300W300_S01050S01050

pattern Dir OU6_M5oM2uM6_W300W300_S01200S01200

pattern Dir OU6_M5oM2uM6_W300W300_S01350S01350

pattern Dir OU6_M5oM2uM6_W300W300_S01500S01500

pattern Dir OU6_M5oM2uM6_W300W300_S01800S01800

pattern Dir OU6_M5oM2uM6_W300W300_S02400S02400

pattern Dir OU6_M5oM2uM6_W300W300_S03000S03000

pattern Dir OU6_M5oM2uM6_W300W300_S03600S03600

pattern Dir OU6_M5oM3uM6_W300W300_S00300S00300

pattern Dir OU6_M5oM3uM6_W300W300_S00600S00600

pattern Dir OU6_M5oM3uM6_W300W300_S00750S00750

pattern Dir OU6_M5oM3uM6_W300W300_S00900S00900

pattern Dir OU6_M5oM3uM6_W300W300_S01050S01050

pattern Dir OU6_M5oM3uM6_W300W300_S01200S01200

pattern Dir OU6_M5oM3uM6_W300W300_S01350S01350

pattern Dir OU6_M5oM3uM6_W300W300_S01500S01500

pattern Dir OU6_M5oM3uM6_W300W300_S01800S01800

pattern Dir OU6_M5oM3uM6_W300W300_S02400S02400

pattern Dir OU6_M5oM3uM6_W300W300_S03000S03000

pattern Dir OU6_M5oM3uM6_W300W300_S03600S03600

pattern Dir OU6_M5oM4uM6_W300W300_S00300S00300

pattern Dir OU6_M5oM4uM6_W300W300_S00600S00600

pattern Dir OU6_M5oM4uM6_W300W300_S00750S00750

pattern Dir OU6_M5oM4uM6_W300W300_S00900S00900

pattern Dir OU6_M5oM4uM6_W300W300_S01050S01050

pattern Dir OU6_M5oM4uM6_W300W300_S01200S01200

pattern Dir OU6_M5oM4uM6_W300W300_S01350S01350

pattern Dir OU6_M5oM4uM6_W300W300_S01500S01500

pattern Dir OU6_M5oM4uM6_W300W300_S01800S01800

pattern Dir OU6_M5oM4uM6_W300W300_S02400S02400

pattern Dir OU6_M5oM4uM6_W300W300_S03000S03000

pattern Dir OU6_M5oM4uM6_W300W300_S03600S03600

pattern Dir U6_M1uM2_W170W170_S00170S00170

pattern Dir U6_M1uM2_W170W170_S00340S00340

pattern Dir U6_M1uM2_W170W170_S00425S00425

pattern Dir U6_M1uM2_W170W170_S00510S00510

pattern Dir U6_M1uM2_W170W170_S00595S00595

pattern Dir U6_M1uM2_W170W170_S00680S00680

pattern Dir U6_M1uM2_W170W170_S00765S00765

pattern Dir U6_M1uM2_W170W170_S00850S00850

pattern Dir U6_M1uM2_W170W170_S01020S01020

pattern Dir U6_M1uM2_W170W170_S01360S01360

pattern Dir U6_M1uM2_W170W170_S01700S01700

pattern Dir U6_M1uM2_W170W170_S02040S02040

pattern Dir U6_M1uM3_W170W170_S00170S00170

pattern Dir U6_M1uM3_W170W170_S00340S00340

pattern Dir U6_M1uM3_W170W170_S00425S00425

pattern Dir U6_M1uM3_W170W170_S00510S00510

pattern Dir U6_M1uM3_W170W170_S00595S00595

pattern Dir U6_M1uM3_W170W170_S00680S00680

pattern Dir U6_M1uM3_W170W170_S00765S00765

pattern Dir U6_M1uM3_W170W170_S00850S00850

pattern Dir U6_M1uM3_W170W170_S01020S01020

pattern Dir U6_M1uM3_W170W170_S01360S01360

pattern Dir U6_M1uM3_W170W170_S01700S01700

pattern Dir U6_M1uM3_W170W170_S02040S02040

pattern Dir U6_M1uM4_W170W170_S00170S00170

pattern Dir U6_M1uM4_W170W170_S00340S00340

pattern Dir U6_M1uM4_W170W170_S00425S00425

pattern Dir U6_M1uM4_W170W170_S00510S00510

pattern Dir U6_M1uM4_W170W170_S00595S00595

pattern Dir U6_M1uM4_W170W170_S00680S00680

pattern Dir U6_M1uM4_W170W170_S00765S00765

pattern Dir U6_M1uM4_W170W170_S00850S00850

pattern Dir U6_M1uM4_W170W170_S01020S01020

pattern Dir U6_M1uM4_W170W170_S01360S01360

pattern Dir U6_M1uM4_W170W170_S01700S01700

pattern Dir U6_M1uM4_W170W170_S02040S02040

pattern Dir U6_M1uM5_W170W170_S00170S00170

pattern Dir U6_M1uM5_W170W170_S00340S00340

pattern Dir U6_M1uM5_W170W170_S00425S00425

pattern Dir U6_M1uM5_W170W170_S00510S00510

pattern Dir U6_M1uM5_W170W170_S00595S00595

pattern Dir U6_M1uM5_W170W170_S00680S00680

pattern Dir U6_M1uM5_W170W170_S00765S00765

pattern Dir U6_M1uM5_W170W170_S00850S00850

pattern Dir U6_M1uM5_W170W170_S01020S01020

pattern Dir U6_M1uM5_W170W170_S01360S01360

pattern Dir U6_M1uM5_W170W170_S01700S01700

pattern Dir U6_M1uM5_W170W170_S02040S02040

pattern Dir U6_M1uM6_W170W170_S00170S00170

pattern Dir U6_M1uM6_W170W170_S00340S00340

pattern Dir U6_M1uM6_W170W170_S00425S00425

pattern Dir U6_M1uM6_W170W170_S00510S00510

pattern Dir U6_M1uM6_W170W170_S00595S00595

pattern Dir U6_M1uM6_W170W170_S00680S00680

pattern Dir U6_M1uM6_W170W170_S00765S00765

pattern Dir U6_M1uM6_W170W170_S00850S00850

pattern Dir U6_M1uM6_W170W170_S01020S01020

pattern Dir U6_M1uM6_W170W170_S01360S01360

pattern Dir U6_M1uM6_W170W170_S01700S01700

pattern Dir U6_M1uM6_W170W170_S02040S02040

pattern Dir U6_M2uM3_W140W140_S00140S00140

pattern Dir U6_M2uM3_W140W140_S00280S00280

pattern Dir U6_M2uM3_W140W140_S00350S00350

pattern Dir U6_M2uM3_W140W140_S00420S00420

pattern Dir U6_M2uM3_W140W140_S00490S00490

pattern Dir U6_M2uM3_W140W140_S00560S00560

pattern Dir U6_M2uM3_W140W140_S00630S00630

pattern Dir U6_M2uM3_W140W140_S00700S00700

pattern Dir U6_M2uM3_W140W140_S00840S00840

pattern Dir U6_M2uM3_W140W140_S01120S01120

pattern Dir U6_M2uM3_W140W140_S01400S01400

pattern Dir U6_M2uM3_W140W140_S01680S01680

pattern Dir U6_M2uM4_W140W140_S00140S00140

pattern Dir U6_M2uM4_W140W140_S00280S00280

pattern Dir U6_M2uM4_W140W140_S00350S00350

pattern Dir U6_M2uM4_W140W140_S00420S00420

pattern Dir U6_M2uM4_W140W140_S00490S00490

pattern Dir U6_M2uM4_W140W140_S00560S00560

pattern Dir U6_M2uM4_W140W140_S00630S00630

pattern Dir U6_M2uM4_W140W140_S00700S00700

pattern Dir U6_M2uM4_W140W140_S00840S00840

pattern Dir U6_M2uM4_W140W140_S01120S01120

pattern Dir U6_M2uM4_W140W140_S01400S01400

pattern Dir U6_M2uM4_W140W140_S01680S01680

pattern Dir U6_M2uM5_W140W140_S00140S00140

pattern Dir U6_M2uM5_W140W140_S00280S00280

pattern Dir U6_M2uM5_W140W140_S00350S00350

pattern Dir U6_M2uM5_W140W140_S00420S00420

pattern Dir U6_M2uM5_W140W140_S00490S00490

pattern Dir U6_M2uM5_W140W140_S00560S00560

pattern Dir U6_M2uM5_W140W140_S00630S00630

pattern Dir U6_M2uM5_W140W140_S00700S00700

pattern Dir U6_M2uM5_W140W140_S00840S00840

pattern Dir U6_M2uM5_W140W140_S01120S01120

pattern Dir U6_M2uM5_W140W140_S01400S01400

pattern Dir U6_M2uM5_W140W140_S01680S01680

pattern Dir U6_M2uM6_W140W140_S00140S00140

pattern Dir U6_M2uM6_W140W140_S00280S00280

pattern Dir U6_M2uM6_W140W140_S00350S00350

pattern Dir U6_M2uM6_W140W140_S00420S00420

pattern Dir U6_M2uM6_W140W140_S00490S00490

pattern Dir U6_M2uM6_W140W140_S00560S00560

pattern Dir U6_M2uM6_W140W140_S00630S00630

pattern Dir U6_M2uM6_W140W140_S00700S00700

pattern Dir U6_M2uM6_W140W140_S00840S00840

pattern Dir U6_M2uM6_W140W140_S01120S01120

pattern Dir U6_M2uM6_W140W140_S01400S01400

pattern Dir U6_M2uM6_W140W140_S01680S01680

pattern Dir U6_M3uM4_W140W140_S00140S00140

pattern Dir U6_M3uM4_W140W140_S00280S00280

pattern Dir U6_M3uM4_W140W140_S00350S00350

pattern Dir U6_M3uM4_W140W140_S00420S00420

pattern Dir U6_M3uM4_W140W140_S00490S00490

pattern Dir U6_M3uM4_W140W140_S00560S00560

pattern Dir U6_M3uM4_W140W140_S00630S00630

pattern Dir U6_M3uM4_W140W140_S00700S00700

pattern Dir U6_M3uM4_W140W140_S00840S00840

pattern Dir U6_M3uM4_W140W140_S01120S01120

pattern Dir U6_M3uM4_W140W140_S01400S01400

pattern Dir U6_M3uM4_W140W140_S01680S01680

pattern Dir U6_M3uM5_W140W140_S00140S00140

pattern Dir U6_M3uM5_W140W140_S00280S00280

pattern Dir U6_M3uM5_W140W140_S00350S00350

pattern Dir U6_M3uM5_W140W140_S00420S00420

pattern Dir U6_M3uM5_W140W140_S00490S00490

pattern Dir U6_M3uM5_W140W140_S00560S00560

pattern Dir U6_M3uM5_W140W140_S00630S00630

pattern Dir U6_M3uM5_W140W140_S00700S00700

pattern Dir U6_M3uM5_W140W140_S00840S00840

pattern Dir U6_M3uM5_W140W140_S01120S01120

pattern Dir U6_M3uM5_W140W140_S01400S01400

pattern Dir U6_M3uM5_W140W140_S01680S01680

pattern Dir U6_M3uM6_W140W140_S00140S00140

pattern Dir U6_M3uM6_W140W140_S00280S00280

pattern Dir U6_M3uM6_W140W140_S00350S00350

pattern Dir U6_M3uM6_W140W140_S00420S00420

pattern Dir U6_M3uM6_W140W140_S00490S00490

pattern Dir U6_M3uM6_W140W140_S00560S00560

pattern Dir U6_M3uM6_W140W140_S00630S00630

pattern Dir U6_M3uM6_W140W140_S00700S00700

pattern Dir U6_M3uM6_W140W140_S00840S00840

pattern Dir U6_M3uM6_W140W140_S01120S01120

pattern Dir U6_M3uM6_W140W140_S01400S01400

pattern Dir U6_M3uM6_W140W140_S01680S01680

pattern Dir U6_M4uM5_W300W300_S00300S00300

pattern Dir U6_M4uM5_W300W300_S00600S00600

pattern Dir U6_M4uM5_W300W300_S00750S00750

pattern Dir U6_M4uM5_W300W300_S00900S00900

pattern Dir U6_M4uM5_W300W300_S01050S01050

pattern Dir U6_M4uM5_W300W300_S01200S01200

pattern Dir U6_M4uM5_W300W300_S01350S01350

pattern Dir U6_M4uM5_W300W300_S01500S01500

pattern Dir U6_M4uM5_W300W300_S01800S01800

pattern Dir U6_M4uM5_W300W300_S02400S02400

pattern Dir U6_M4uM5_W300W300_S03000S03000

pattern Dir U6_M4uM5_W300W300_S03600S03600

pattern Dir U6_M4uM6_W300W300_S00300S00300

pattern Dir U6_M4uM6_W300W300_S00600S00600

pattern Dir U6_M4uM6_W300W300_S00750S00750

pattern Dir U6_M4uM6_W300W300_S00900S00900

pattern Dir U6_M4uM6_W300W300_S01050S01050

pattern Dir U6_M4uM6_W300W300_S01200S01200

pattern Dir U6_M4uM6_W300W300_S01350S01350

pattern Dir U6_M4uM6_W300W300_S01500S01500

pattern Dir U6_M4uM6_W300W300_S01800S01800

pattern Dir U6_M4uM6_W300W300_S02400S02400

pattern Dir U6_M4uM6_W300W300_S03000S03000

pattern Dir U6_M4uM6_W300W300_S03600S03600

pattern Dir U6_M5uM6_W300W300_S00300S00300

pattern Dir U6_M5uM6_W300W300_S00600S00600

pattern Dir U6_M5uM6_W300W300_S00750S00750

pattern Dir U6_M5uM6_W300W300_S00900S00900

pattern Dir U6_M5uM6_W300W300_S01050S01050

pattern Dir U6_M5uM6_W300W300_S01200S01200

pattern Dir U6_M5uM6_W300W300_S01350S01350

pattern Dir U6_M5uM6_W300W300_S01500S01500

pattern Dir U6_M5uM6_W300W300_S01800S01800

pattern Dir U6_M5uM6_W300W300_S02400S02400

pattern Dir U6_M5uM6_W300W300_S03000S03000

pattern Dir U6_M5uM6_W300W300_S03600S03600

pattern Dir DU6_M1uuM2_W170W170_S00000S00000

pattern Dir DU6_M1uuM2_W170W170_S00170S00170

pattern Dir DU6_M1uuM2_W170W170_S00340S00340

pattern Dir DU6_M1uuM2_W170W170_S00425S00425

pattern Dir DU6_M1uuM2_W170W170_S00510S00510

pattern Dir DU6_M1uuM2_W170W170_S00595S00595

pattern Dir DU6_M1uuM2_W170W170_S00680S00680

pattern Dir DU6_M1uuM2_W170W170_S00765S00765

pattern Dir DU6_M1uuM2_W170W170_S00850S00850

pattern Dir DU6_M1uuM2_W170W170_S01020S01020

pattern Dir DU6_M1uuM2_W170W170_S01360S01360

pattern Dir DU6_M1uuM2_W170W170_S01700S01700

pattern Dir DU6_M1uuM2_W170W170_S02040S02040

pattern Dir DU6_M1uuM3_W170W170_S00000S00000

pattern Dir DU6_M1uuM3_W170W170_S00170S00170

pattern Dir DU6_M1uuM3_W170W170_S00340S00340

pattern Dir DU6_M1uuM3_W170W170_S00425S00425

pattern Dir DU6_M1uuM3_W170W170_S00510S00510

pattern Dir DU6_M1uuM3_W170W170_S00595S00595

pattern Dir DU6_M1uuM3_W170W170_S00680S00680

pattern Dir DU6_M1uuM3_W170W170_S00765S00765

pattern Dir DU6_M1uuM3_W170W170_S00850S00850

pattern Dir DU6_M1uuM3_W170W170_S01020S01020

pattern Dir DU6_M1uuM3_W170W170_S01360S01360

pattern Dir DU6_M1uuM3_W170W170_S01700S01700

pattern Dir DU6_M1uuM3_W170W170_S02040S02040

pattern Dir DU6_M1uuM4_W170W170_S00000S00000

pattern Dir DU6_M1uuM4_W170W170_S00170S00170

pattern Dir DU6_M1uuM4_W170W170_S00340S00340

pattern Dir DU6_M1uuM4_W170W170_S00425S00425

pattern Dir DU6_M1uuM4_W170W170_S00510S00510

pattern Dir DU6_M1uuM4_W170W170_S00595S00595

pattern Dir DU6_M1uuM4_W170W170_S00680S00680

pattern Dir DU6_M1uuM4_W170W170_S00765S00765

pattern Dir DU6_M1uuM4_W170W170_S00850S00850

pattern Dir DU6_M1uuM4_W170W170_S01020S01020

pattern Dir DU6_M1uuM4_W170W170_S01360S01360

pattern Dir DU6_M1uuM4_W170W170_S01700S01700

pattern Dir DU6_M1uuM4_W170W170_S02040S02040

pattern Dir DU6_M1uuM5_W170W170_S00000S00000

pattern Dir DU6_M1uuM5_W170W170_S00170S00170

pattern Dir DU6_M1uuM5_W170W170_S00340S00340

pattern Dir DU6_M1uuM5_W170W170_S00425S00425

pattern Dir DU6_M1uuM5_W170W170_S00510S00510

pattern Dir DU6_M1uuM5_W170W170_S00595S00595

pattern Dir DU6_M1uuM5_W170W170_S00680S00680

pattern Dir DU6_M1uuM5_W170W170_S00765S00765

pattern Dir DU6_M1uuM5_W170W170_S00850S00850

pattern Dir DU6_M1uuM5_W170W170_S01020S01020

pattern Dir DU6_M1uuM5_W170W170_S01360S01360

pattern Dir DU6_M1uuM5_W170W170_S01700S01700

pattern Dir DU6_M1uuM5_W170W170_S02040S02040

pattern Dir DU6_M2uuM3_W140W140_S00000S00000

pattern Dir DU6_M2uuM3_W140W140_S00140S00140

pattern Dir DU6_M2uuM3_W140W140_S00280S00280

pattern Dir DU6_M2uuM3_W140W140_S00350S00350

pattern Dir DU6_M2uuM3_W140W140_S00420S00420

pattern Dir DU6_M2uuM3_W140W140_S00490S00490

pattern Dir DU6_M2uuM3_W140W140_S00560S00560

pattern Dir DU6_M2uuM3_W140W140_S00630S00630

pattern Dir DU6_M2uuM3_W140W140_S00700S00700

pattern Dir DU6_M2uuM3_W140W140_S00840S00840

pattern Dir DU6_M2uuM3_W140W140_S01120S01120

pattern Dir DU6_M2uuM3_W140W140_S01400S01400

pattern Dir DU6_M2uuM3_W140W140_S01680S01680

pattern Dir DU6_M2uuM4_W140W140_S00000S00000

pattern Dir DU6_M2uuM4_W140W140_S00140S00140

pattern Dir DU6_M2uuM4_W140W140_S00280S00280

pattern Dir DU6_M2uuM4_W140W140_S00350S00350

pattern Dir DU6_M2uuM4_W140W140_S00420S00420

pattern Dir DU6_M2uuM4_W140W140_S00490S00490

pattern Dir DU6_M2uuM4_W140W140_S00560S00560

pattern Dir DU6_M2uuM4_W140W140_S00630S00630

pattern Dir DU6_M2uuM4_W140W140_S00700S00700

pattern Dir DU6_M2uuM4_W140W140_S00840S00840

pattern Dir DU6_M2uuM4_W140W140_S01120S01120

pattern Dir DU6_M2uuM4_W140W140_S01400S01400

pattern Dir DU6_M2uuM4_W140W140_S01680S01680

pattern Dir DU6_M2uuM5_W140W140_S00000S00000

pattern Dir DU6_M2uuM5_W140W140_S00140S00140

pattern Dir DU6_M2uuM5_W140W140_S00280S00280

pattern Dir DU6_M2uuM5_W140W140_S00350S00350

pattern Dir DU6_M2uuM5_W140W140_S00420S00420

pattern Dir DU6_M2uuM5_W140W140_S00490S00490

pattern Dir DU6_M2uuM5_W140W140_S00560S00560

pattern Dir DU6_M2uuM5_W140W140_S00630S00630

pattern Dir DU6_M2uuM5_W140W140_S00700S00700

pattern Dir DU6_M2uuM5_W140W140_S00840S00840

pattern Dir DU6_M2uuM5_W140W140_S01120S01120

pattern Dir DU6_M2uuM5_W140W140_S01400S01400

pattern Dir DU6_M2uuM5_W140W140_S01680S01680

pattern Dir DU6_M2uuM6_W140W140_S00000S00000

pattern Dir DU6_M2uuM6_W140W140_S00140S00140

pattern Dir DU6_M2uuM6_W140W140_S00280S00280

pattern Dir DU6_M2uuM6_W140W140_S00350S00350

pattern Dir DU6_M2uuM6_W140W140_S00420S00420

pattern Dir DU6_M2uuM6_W140W140_S00490S00490

pattern Dir DU6_M2uuM6_W140W140_S00560S00560

pattern Dir DU6_M2uuM6_W140W140_S00630S00630

pattern Dir DU6_M2uuM6_W140W140_S00700S00700

pattern Dir DU6_M2uuM6_W140W140_S00840S00840

pattern Dir DU6_M2uuM6_W140W140_S01120S01120

pattern Dir DU6_M2uuM6_W140W140_S01400S01400

pattern Dir DU6_M2uuM6_W140W140_S01680S01680

pattern Dir DU6_M3uuM4_W140W140_S00000S00000

pattern Dir DU6_M3uuM4_W140W140_S00140S00140

pattern Dir DU6_M3uuM4_W140W140_S00280S00280

pattern Dir DU6_M3uuM4_W140W140_S00350S00350

pattern Dir DU6_M3uuM4_W140W140_S00420S00420

pattern Dir DU6_M3uuM4_W140W140_S00490S00490

pattern Dir DU6_M3uuM4_W140W140_S00560S00560

pattern Dir DU6_M3uuM4_W140W140_S00630S00630

pattern Dir DU6_M3uuM4_W140W140_S00700S00700

pattern Dir DU6_M3uuM4_W140W140_S00840S00840

pattern Dir DU6_M3uuM4_W140W140_S01120S01120

pattern Dir DU6_M3uuM4_W140W140_S01400S01400

pattern Dir DU6_M3uuM4_W140W140_S01680S01680

pattern Dir DU6_M3uuM5_W140W140_S00000S00000

pattern Dir DU6_M3uuM5_W140W140_S00140S00140

pattern Dir DU6_M3uuM5_W140W140_S00280S00280

pattern Dir DU6_M3uuM5_W140W140_S00350S00350

pattern Dir DU6_M3uuM5_W140W140_S00420S00420

pattern Dir DU6_M3uuM5_W140W140_S00490S00490

pattern Dir DU6_M3uuM5_W140W140_S00560S00560

pattern Dir DU6_M3uuM5_W140W140_S00630S00630

pattern Dir DU6_M3uuM5_W140W140_S00700S00700

pattern Dir DU6_M3uuM5_W140W140_S00840S00840

pattern Dir DU6_M3uuM5_W140W140_S01120S01120

pattern Dir DU6_M3uuM5_W140W140_S01400S01400

pattern Dir DU6_M3uuM5_W140W140_S01680S01680

pattern Dir DU6_M3uuM6_W140W140_S00000S00000

pattern Dir DU6_M3uuM6_W140W140_S00140S00140

pattern Dir DU6_M3uuM6_W140W140_S00280S00280

pattern Dir DU6_M3uuM6_W140W140_S00350S00350

pattern Dir DU6_M3uuM6_W140W140_S00420S00420

pattern Dir DU6_M3uuM6_W140W140_S00490S00490

pattern Dir DU6_M3uuM6_W140W140_S00560S00560

pattern Dir DU6_M3uuM6_W140W140_S00630S00630

pattern Dir DU6_M3uuM6_W140W140_S00700S00700

pattern Dir DU6_M3uuM6_W140W140_S00840S00840

pattern Dir DU6_M3uuM6_W140W140_S01120S01120

pattern Dir DU6_M3uuM6_W140W140_S01400S01400

pattern Dir DU6_M3uuM6_W140W140_S01680S01680

pattern Dir DU6_M4uuM5_W300W300_S00000S00000

pattern Dir DU6_M4uuM5_W300W300_S00300S00300

pattern Dir DU6_M4uuM5_W300W300_S00600S00600

pattern Dir DU6_M4uuM5_W300W300_S00750S00750

pattern Dir DU6_M4uuM5_W300W300_S00900S00900

pattern Dir DU6_M4uuM5_W300W300_S01050S01050

pattern Dir DU6_M4uuM5_W300W300_S01200S01200

pattern Dir DU6_M4uuM5_W300W300_S01350S01350

pattern Dir DU6_M4uuM5_W300W300_S01500S01500

pattern Dir DU6_M4uuM5_W300W300_S01800S01800

pattern Dir DU6_M4uuM5_W300W300_S02400S02400

pattern Dir DU6_M4uuM5_W300W300_S03000S03000

pattern Dir DU6_M4uuM5_W300W300_S03600S03600

pattern Dir DU6_M4uuM6_W300W300_S00000S00000

pattern Dir DU6_M4uuM6_W300W300_S00300S00300

pattern Dir DU6_M4uuM6_W300W300_S00600S00600

pattern Dir DU6_M4uuM6_W300W300_S00750S00750

pattern Dir DU6_M4uuM6_W300W300_S00900S00900

pattern Dir DU6_M4uuM6_W300W300_S01050S01050

pattern Dir DU6_M4uuM6_W300W300_S01200S01200

pattern Dir DU6_M4uuM6_W300W300_S01350S01350

pattern Dir DU6_M4uuM6_W300W300_S01500S01500

pattern Dir DU6_M4uuM6_W300W300_S01800S01800

pattern Dir DU6_M4uuM6_W300W300_S02400S02400

pattern Dir DU6_M4uuM6_W300W300_S03000S03000

pattern Dir DU6_M4uuM6_W300W300_S03600S03600

pattern Dir DU6_M5uuM6_W300W300_S00000S00000

pattern Dir DU6_M5uuM6_W300W300_S00300S00300

pattern Dir DU6_M5uuM6_W300W300_S00600S00600

pattern Dir DU6_M5uuM6_W300W300_S00750S00750

pattern Dir DU6_M5uuM6_W300W300_S00900S00900

pattern Dir DU6_M5uuM6_W300W300_S01050S01050

pattern Dir DU6_M5uuM6_W300W300_S01200S01200

pattern Dir DU6_M5uuM6_W300W300_S01350S01350

pattern Dir DU6_M5uuM6_W300W300_S01500S01500

pattern Dir DU6_M5uuM6_W300W300_S01800S01800

pattern Dir DU6_M5uuM6_W300W300_S02400S02400

pattern Dir DU6_M5uuM6_W300W300_S03000S03000

pattern Dir DU6_M5uuM6_W300W300_S03600S03600

